Using pre-set license
Built from '2020.2/release' branch; Version is '2020.2.2f1 (068178b99f32) revision 426360'; Using compiler version '192528614'; Build Type 'Release'
OS: 'Windows 10 Home; OS build 19042.985; Version 2009; 64bit' Language: 'en' Physical Memory: 23783 MB
BatchMode: 1, IsHumanControllingUs: 0, StartBugReporterOnCrash: 0, Is64bit: 1, IsPro: 0

 COMMAND LINE ARGUMENTS:
C:\Program Files\Unity\Hub\Editor\2020.2.2f1\Editor\Unity.exe
-adb2
-batchMode
-noUpm
-name
AssetImportWorker0
-projectPath
C:/Users/Will/OneDrive - Trinity College Gawler/2020/CERTIFICATE III IDMT/Game Production/Space Walk Project/SPACEWALK
-logFile
Logs/AssetImportWorker0.log
-srvPort
63098
Successfully changed project path to: C:/Users/Will/OneDrive - Trinity College Gawler/2020/CERTIFICATE III IDMT/Game Production/Space Walk Project/SPACEWALK
C:/Users/Will/OneDrive - Trinity College Gawler/2020/CERTIFICATE III IDMT/Game Production/Space Walk Project/SPACEWALK
Using Asset Import Pipeline V2.
Refreshing native plugins compatible for Editor in 65.37 ms, found 1 plugins.
Preloading 0 native plugins for Editor in 0.00 ms.
Initialize engine version: 2020.2.2f1 (068178b99f32)
[Subsystems] Discovering subsystems at path C:/Program Files/Unity/Hub/Editor/2020.2.2f1/Editor/Data/Resources/UnitySubsystems
[Subsystems] Discovering subsystems at path C:/Users/Will/OneDrive - Trinity College Gawler/2020/CERTIFICATE III IDMT/Game Production/Space Walk Project/SPACEWALK/Assets
GfxDevice: creating device client; threaded=0
Direct3D:
    Version:  Direct3D 11.0 [level 11.1]
    Renderer: AMD Radeon(TM) Graphics (ID=0x1636)
    Vendor:   
    VRAM:     11891 MB
    Driver:   27.20.11024.15001
Initialize mono
Mono path[0] = 'C:/Program Files/Unity/Hub/Editor/2020.2.2f1/Editor/Data/Managed'
Mono path[1] = 'C:/Program Files/Unity/Hub/Editor/2020.2.2f1/Editor/Data/MonoBleedingEdge/lib/mono/unityjit'
Mono config path = 'C:/Program Files/Unity/Hub/Editor/2020.2.2f1/Editor/Data/MonoBleedingEdge/etc'
Using monoOptions --debugger-agent=transport=dt_socket,embedding=1,server=y,suspend=n,address=127.0.0.1:56244
Begin MonoManager ReloadAssembly
Registering precompiled unity dll's ...
Register platform support module: C:/Program Files/Unity/Hub/Editor/2020.2.2f1/Editor/Data/PlaybackEngines/WebGLSupport/UnityEditor.WebGL.Extensions.dll
Register platform support module: C:/Program Files/Unity/Hub/Editor/2020.2.2f1/Editor/Data/PlaybackEngines/WindowsStandaloneSupport/UnityEditor.WindowsStandalone.Extensions.dll
Registered in 0.004960 seconds.
Native extension for WindowsStandalone target not found
Native extension for WebGL target not found
Refreshing native plugins compatible for Editor in 72.74 ms, found 1 plugins.
Preloading 0 native plugins for Editor in 0.00 ms.
Invoked RoslynAnalysisRunner static constructor.
RoslynAnalysisRunner will not be running.
RoslynAnalysisRunner has terminated.
Mono: successfully reloaded assembly
- Completed reload, in  3.995 seconds
Platform modules already initialized, skipping
Registering precompiled user dll's ...
Registered in 0.001819 seconds.
Begin MonoManager ReloadAssembly
Native extension for WindowsStandalone target not found
Native extension for WebGL target not found
Refreshing native plugins compatible for Editor in 86.18 ms, found 1 plugins.
Preloading 0 native plugins for Editor in 0.00 ms.
Invoked RoslynAnalysisRunner static constructor.
RoslynAnalysisRunner will not be running.
RoslynAnalysisRunner has terminated.
Mono: successfully reloaded assembly
- Completed reload, in  2.013 seconds
Platform modules already initialized, skipping
========================================================================
Worker process is ready to serve import requests
Launched and connected shader compiler UnityShaderCompiler.exe after 0.09 seconds
Refreshing native plugins compatible for Editor in 0.54 ms, found 1 plugins.
Preloading 0 native plugins for Editor in 0.00 ms.
Unloading 1945 Unused Serialized files (Serialized files now loaded: 0)
System memory in use before: 108.5 MB.
System memory in use after: 108.6 MB.

Unloading 18 unused Assets to reduce memory usage. Loaded Objects now: 2418.
Total: 3.479600 ms (FindLiveObjects: 0.401500 ms CreateObjectMapping: 0.133600 ms MarkObjects: 2.905800 ms  DeleteObjects: 0.035400 ms)

========================================================================
Received Import Request.
  path: Assets/Scenes/LT Reponse.otf
  artifactKey: Guid(a987641b36297284b9abbf4803a21999) Importer(815301076,1909f56bfc062723c751e8b465ee728b)
Start importing Assets/Scenes/LT Reponse.otf using Guid(a987641b36297284b9abbf4803a21999) Importer(815301076,1909f56bfc062723c751e8b465ee728b)  -> (artifact id: '812683db442b1bb5bfa2ed70fec7a44b') in 0.273995 seconds
  Import took 0.287449 seconds .

========================================================================
Received Import Request.
  Time since last request: 0.000605 seconds.
  path: Assets/Scenes
  artifactKey: Guid(856416c5c6313e8479674911e0598924) Importer(815301076,1909f56bfc062723c751e8b465ee728b)
Start importing Assets/Scenes using Guid(856416c5c6313e8479674911e0598924) Importer(815301076,1909f56bfc062723c751e8b465ee728b)  -> (artifact id: '8ae21ade1ccb8fffdbaf1fb7eb7752e3') in 0.014456 seconds
  Import took 0.026659 seconds .

========================================================================
Received Import Request.
  Time since last request: 0.000444 seconds.
  path: Assets/Scenes/LT Reponse SDF.asset
  artifactKey: Guid(97bcda9d02b8a2546851eda360b1dea9) Importer(815301076,1909f56bfc062723c751e8b465ee728b)
Start importing Assets/Scenes/LT Reponse SDF.asset using Guid(97bcda9d02b8a2546851eda360b1dea9) Importer(815301076,1909f56bfc062723c751e8b465ee728b)  -> (artifact id: '07a001826fe654dd2f9ea5df9b6e9052') in 0.155016 seconds
  Import took 0.167471 seconds .

========================================================================
Received Import Request.
  Time since last request: 0.000472 seconds.
  path: Assets/Scenes/Game.unity
  artifactKey: Guid(2cda990e2423bbf4892e6590ba056729) Importer(815301076,1909f56bfc062723c751e8b465ee728b)
Start importing Assets/Scenes/Game.unity using Guid(2cda990e2423bbf4892e6590ba056729) Importer(815301076,1909f56bfc062723c751e8b465ee728b)  -> (artifact id: '7d5f93149710030669f27bbfec43f1d8') in 0.013565 seconds
  Import took 0.022417 seconds .

AssetImportWorkerClient::OnTransportError - code=2 error=End of file
